$headersArray
(
    [0] => Content-Type: application/json
    [1] => Accept: application/json
    [2] => Authorization: Bearer Og==
    [3] => x-integrai-plaform: wordpress
    [4] => x-integrai-plaform-version: 5.4.2
    [5] => x-integrai-plaform-framework: woocommerce 4.3.1
    [6] => x-integrai-module-version: 1.0.0
)

$headersArray
(
    [0] => Content-Type: application/json
    [1] => Accept: application/json
    [2] => Authorization: Bearer Og==
    [3] => x-integrai-plaform: wordpress
    [4] => x-integrai-plaform-version: 5.4.2
    [5] => x-integrai-plaform-framework: woocommerce 4.3.1
    [6] => x-integrai-module-version: 1.0.0
)

$headersArray
(
    [0] => Content-Type: application/json
    [1] => Accept: application/json
    [2] => Authorization: Bearer Og==
    [3] => x-integrai-plaform: wordpress
    [4] => x-integrai-plaform-version: 5.4.2
    [5] => x-integrai-plaform-framework: woocommerce 4.3.1
    [6] => x-integrai-module-version: 1.0.0
)

$headersArray
(
    [0] => Content-Type: application/json
    [1] => Accept: application/json
    [2] => Authorization: Bearer Og==
    [3] => x-integrai-plaform: wordpress
    [4] => x-integrai-plaform-version: 5.4.2
    [5] => x-integrai-plaform-framework: woocommerce 4.3.1
    [6] => x-integrai-module-version: 1.0.0
)
